C:\USERS\USER\DOWNLOADS\CRYPTOPP561\ADHOC.CPP.COPIED
C:\USERS\USER\DOWNLOADS\CRYPTOPP561\WIN32\CRYPTLIB\RELEASE\3WAY.OBJ
C:\USERS\USER\DOWNLOADS\CRYPTOPP561\WIN32\CRYPTLIB\RELEASE\ADLER32.OBJ
C:\USERS\USER\DOWNLOADS\CRYPTOPP561\WIN32\CRYPTLIB\RELEASE\ALGEBRA.OBJ
C:\USERS\USER\DOWNLOADS\CRYPTOPP561\WIN32\CRYPTLIB\RELEASE\ALGPARAM.OBJ
C:\USERS\USER\DOWNLOADS\CRYPTOPP561\WIN32\CRYPTLIB\RELEASE\ARC4.OBJ
C:\USERS\USER\DOWNLOADS\CRYPTOPP561\WIN32\CRYPTLIB\RELEASE\ASN.OBJ
C:\USERS\USER\DOWNLOADS\CRYPTOPP561\WIN32\CRYPTLIB\RELEASE\AUTHENC.OBJ
C:\USERS\USER\DOWNLOADS\CRYPTOPP561\WIN32\CRYPTLIB\RELEASE\BASE32.OBJ
C:\USERS\USER\DOWNLOADS\CRYPTOPP561\WIN32\CRYPTLIB\RELEASE\BASE64.OBJ
C:\USERS\USER\DOWNLOADS\CRYPTOPP561\WIN32\CRYPTLIB\RELEASE\BASECODE.OBJ
C:\USERS\USER\DOWNLOADS\CRYPTOPP561\WIN32\CRYPTLIB\RELEASE\BFINIT.OBJ
C:\USERS\USER\DOWNLOADS\CRYPTOPP561\WIN32\CRYPTLIB\RELEASE\BLOWFISH.OBJ
C:\USERS\USER\DOWNLOADS\CRYPTOPP561\WIN32\CRYPTLIB\RELEASE\BLUMSHUB.OBJ
C:\USERS\USER\DOWNLOADS\CRYPTOPP561\WIN32\CRYPTLIB\RELEASE\CAMELLIA.OBJ
C:\USERS\USER\DOWNLOADS\CRYPTOPP561\WIN32\CRYPTLIB\RELEASE\CAST.OBJ
C:\USERS\USER\DOWNLOADS\CRYPTOPP561\WIN32\CRYPTLIB\RELEASE\CASTS.OBJ
C:\USERS\USER\DOWNLOADS\CRYPTOPP561\WIN32\CRYPTLIB\RELEASE\CBCMAC.OBJ
C:\USERS\USER\DOWNLOADS\CRYPTOPP561\WIN32\CRYPTLIB\RELEASE\CCM.OBJ
C:\USERS\USER\DOWNLOADS\CRYPTOPP561\WIN32\CRYPTLIB\RELEASE\CHANNELS.OBJ
C:\Users\user\Downloads\cryptopp561\Win32\cryptlib\Release\cl.command.1.tlog
C:\Users\user\Downloads\cryptopp561\Win32\cryptlib\Release\CL.read.1.tlog
C:\Users\user\Downloads\cryptopp561\Win32\cryptlib\Release\CL.write.1.tlog
C:\USERS\USER\DOWNLOADS\CRYPTOPP561\WIN32\CRYPTLIB\RELEASE\CMAC.OBJ
C:\USERS\USER\DOWNLOADS\CRYPTOPP561\WIN32\CRYPTLIB\RELEASE\CPU.OBJ
C:\USERS\USER\DOWNLOADS\CRYPTOPP561\WIN32\CRYPTLIB\RELEASE\CRC.OBJ
C:\USERS\USER\DOWNLOADS\CRYPTOPP561\WIN32\CRYPTLIB\RELEASE\CRYPTLIB.OBJ
C:\USERS\USER\DOWNLOADS\CRYPTOPP561\WIN32\CRYPTLIB\RELEASE\CRYPTLIB.PCH
C:\Users\user\Downloads\cryptopp561\Win32\cryptlib\Release\custombuild.command.1.tlog
C:\Users\user\Downloads\cryptopp561\Win32\cryptlib\Release\custombuild.read.1.tlog
C:\Users\user\Downloads\cryptopp561\Win32\cryptlib\Release\custombuild.write.1.tlog
C:\USERS\USER\DOWNLOADS\CRYPTOPP561\WIN32\CRYPTLIB\RELEASE\DEFAULT.OBJ
C:\USERS\USER\DOWNLOADS\CRYPTOPP561\WIN32\CRYPTLIB\RELEASE\DES.OBJ
C:\USERS\USER\DOWNLOADS\CRYPTOPP561\WIN32\CRYPTLIB\RELEASE\DESSP.OBJ
C:\USERS\USER\DOWNLOADS\CRYPTOPP561\WIN32\CRYPTLIB\RELEASE\DH.OBJ
C:\USERS\USER\DOWNLOADS\CRYPTOPP561\WIN32\CRYPTLIB\RELEASE\DH2.OBJ
C:\USERS\USER\DOWNLOADS\CRYPTOPP561\WIN32\CRYPTLIB\RELEASE\DLL.OBJ
C:\USERS\USER\DOWNLOADS\CRYPTOPP561\WIN32\CRYPTLIB\RELEASE\DSA.OBJ
C:\USERS\USER\DOWNLOADS\CRYPTOPP561\WIN32\CRYPTLIB\RELEASE\EAX.OBJ
C:\USERS\USER\DOWNLOADS\CRYPTOPP561\WIN32\CRYPTLIB\RELEASE\EC2N.OBJ
C:\USERS\USER\DOWNLOADS\CRYPTOPP561\WIN32\CRYPTLIB\RELEASE\ECP.OBJ
C:\USERS\USER\DOWNLOADS\CRYPTOPP561\WIN32\CRYPTLIB\RELEASE\ELGAMAL.OBJ
C:\USERS\USER\DOWNLOADS\CRYPTOPP561\WIN32\CRYPTLIB\RELEASE\EMSA2.OBJ
C:\USERS\USER\DOWNLOADS\CRYPTOPP561\WIN32\CRYPTLIB\RELEASE\ESIGN.OBJ
C:\USERS\USER\DOWNLOADS\CRYPTOPP561\WIN32\CRYPTLIB\RELEASE\FILES.OBJ
C:\USERS\USER\DOWNLOADS\CRYPTOPP561\WIN32\CRYPTLIB\RELEASE\FILTERS.OBJ
C:\USERS\USER\DOWNLOADS\CRYPTOPP561\WIN32\CRYPTLIB\RELEASE\FIPS140.OBJ
C:\USERS\USER\DOWNLOADS\CRYPTOPP561\WIN32\CRYPTLIB\RELEASE\FIPSTEST.OBJ
C:\USERS\USER\DOWNLOADS\CRYPTOPP561\WIN32\CRYPTLIB\RELEASE\GCM.OBJ
C:\USERS\USER\DOWNLOADS\CRYPTOPP561\WIN32\CRYPTLIB\RELEASE\GF2_32.OBJ
C:\USERS\USER\DOWNLOADS\CRYPTOPP561\WIN32\CRYPTLIB\RELEASE\GF256.OBJ
C:\USERS\USER\DOWNLOADS\CRYPTOPP561\WIN32\CRYPTLIB\RELEASE\GF2N.OBJ
C:\USERS\USER\DOWNLOADS\CRYPTOPP561\WIN32\CRYPTLIB\RELEASE\GFPCRYPT.OBJ
C:\USERS\USER\DOWNLOADS\CRYPTOPP561\WIN32\CRYPTLIB\RELEASE\GOST.OBJ
C:\USERS\USER\DOWNLOADS\CRYPTOPP561\WIN32\CRYPTLIB\RELEASE\GZIP.OBJ
C:\USERS\USER\DOWNLOADS\CRYPTOPP561\WIN32\CRYPTLIB\RELEASE\HEX.OBJ
C:\USERS\USER\DOWNLOADS\CRYPTOPP561\WIN32\CRYPTLIB\RELEASE\HMAC.OBJ
C:\USERS\USER\DOWNLOADS\CRYPTOPP561\WIN32\CRYPTLIB\RELEASE\HRTIMER.OBJ
C:\USERS\USER\DOWNLOADS\CRYPTOPP561\WIN32\CRYPTLIB\RELEASE\IDA.OBJ
C:\USERS\USER\DOWNLOADS\CRYPTOPP561\WIN32\CRYPTLIB\RELEASE\IDEA.OBJ
C:\USERS\USER\DOWNLOADS\CRYPTOPP561\WIN32\CRYPTLIB\RELEASE\INTEGER.OBJ
C:\USERS\USER\DOWNLOADS\CRYPTOPP561\WIN32\CRYPTLIB\RELEASE\ITERHASH.OBJ
C:\Users\user\Downloads\cryptopp561\Win32\cryptlib\Release\lib.command.1.tlog
C:\Users\user\Downloads\cryptopp561\Win32\cryptlib\Release\Lib-link.read.1.tlog
C:\Users\user\Downloads\cryptopp561\Win32\cryptlib\Release\Lib-link.write.1.tlog
C:\USERS\USER\DOWNLOADS\CRYPTOPP561\WIN32\CRYPTLIB\RELEASE\LUC.OBJ
C:\USERS\USER\DOWNLOADS\CRYPTOPP561\WIN32\CRYPTLIB\RELEASE\MARS.OBJ
C:\USERS\USER\DOWNLOADS\CRYPTOPP561\WIN32\CRYPTLIB\RELEASE\MARSS.OBJ
C:\USERS\USER\DOWNLOADS\CRYPTOPP561\WIN32\CRYPTLIB\RELEASE\MD2.OBJ
C:\USERS\USER\DOWNLOADS\CRYPTOPP561\WIN32\CRYPTLIB\RELEASE\MD4.OBJ
C:\USERS\USER\DOWNLOADS\CRYPTOPP561\WIN32\CRYPTLIB\RELEASE\MD5.OBJ
C:\USERS\USER\DOWNLOADS\CRYPTOPP561\WIN32\CRYPTLIB\RELEASE\MISC.OBJ
C:\USERS\USER\DOWNLOADS\CRYPTOPP561\WIN32\CRYPTLIB\RELEASE\MODES.OBJ
C:\USERS\USER\DOWNLOADS\CRYPTOPP561\WIN32\CRYPTLIB\RELEASE\MQUEUE.OBJ
C:\USERS\USER\DOWNLOADS\CRYPTOPP561\WIN32\CRYPTLIB\RELEASE\MQV.OBJ
C:\USERS\USER\DOWNLOADS\CRYPTOPP561\WIN32\CRYPTLIB\RELEASE\NBTHEORY.OBJ
C:\USERS\USER\DOWNLOADS\CRYPTOPP561\WIN32\CRYPTLIB\RELEASE\NETWORK.OBJ
C:\USERS\USER\DOWNLOADS\CRYPTOPP561\WIN32\CRYPTLIB\RELEASE\OAEP.OBJ
C:\USERS\USER\DOWNLOADS\CRYPTOPP561\WIN32\CRYPTLIB\RELEASE\OSRNG.OBJ
C:\USERS\USER\DOWNLOADS\CRYPTOPP561\WIN32\CRYPTLIB\RELEASE\PANAMA.OBJ
C:\USERS\USER\DOWNLOADS\CRYPTOPP561\WIN32\CRYPTLIB\RELEASE\PCH.OBJ
C:\USERS\USER\DOWNLOADS\CRYPTOPP561\WIN32\CRYPTLIB\RELEASE\PKCSPAD.OBJ
C:\USERS\USER\DOWNLOADS\CRYPTOPP561\WIN32\CRYPTLIB\RELEASE\POLYNOMI.OBJ
C:\USERS\USER\DOWNLOADS\CRYPTOPP561\WIN32\CRYPTLIB\RELEASE\PSSR.OBJ
C:\USERS\USER\DOWNLOADS\CRYPTOPP561\WIN32\CRYPTLIB\RELEASE\PUBKEY.OBJ
C:\USERS\USER\DOWNLOADS\CRYPTOPP561\WIN32\CRYPTLIB\RELEASE\QUEUE.OBJ
C:\USERS\USER\DOWNLOADS\CRYPTOPP561\WIN32\CRYPTLIB\RELEASE\RABIN.OBJ
C:\USERS\USER\DOWNLOADS\CRYPTOPP561\WIN32\CRYPTLIB\RELEASE\RANDPOOL.OBJ
C:\USERS\USER\DOWNLOADS\CRYPTOPP561\WIN32\CRYPTLIB\RELEASE\RC2.OBJ
C:\USERS\USER\DOWNLOADS\CRYPTOPP561\WIN32\CRYPTLIB\RELEASE\RC5.OBJ
C:\USERS\USER\DOWNLOADS\CRYPTOPP561\WIN32\CRYPTLIB\RELEASE\RC6.OBJ
C:\USERS\USER\DOWNLOADS\CRYPTOPP561\WIN32\CRYPTLIB\RELEASE\RDTABLES.OBJ
C:\USERS\USER\DOWNLOADS\CRYPTOPP561\WIN32\CRYPTLIB\RELEASE\RIJNDAEL.OBJ
C:\USERS\USER\DOWNLOADS\CRYPTOPP561\WIN32\CRYPTLIB\RELEASE\RIPEMD.OBJ
C:\USERS\USER\DOWNLOADS\CRYPTOPP561\WIN32\CRYPTLIB\RELEASE\RNG.OBJ
C:\USERS\USER\DOWNLOADS\CRYPTOPP561\WIN32\CRYPTLIB\RELEASE\RSA.OBJ
C:\USERS\USER\DOWNLOADS\CRYPTOPP561\WIN32\CRYPTLIB\RELEASE\RW.OBJ
C:\USERS\USER\DOWNLOADS\CRYPTOPP561\WIN32\CRYPTLIB\RELEASE\SAFER.OBJ
C:\USERS\USER\DOWNLOADS\CRYPTOPP561\WIN32\CRYPTLIB\RELEASE\SALSA.OBJ
C:\USERS\USER\DOWNLOADS\CRYPTOPP561\WIN32\CRYPTLIB\RELEASE\SEAL.OBJ
C:\USERS\USER\DOWNLOADS\CRYPTOPP561\WIN32\CRYPTLIB\RELEASE\SEED.OBJ
C:\USERS\USER\DOWNLOADS\CRYPTOPP561\WIN32\CRYPTLIB\RELEASE\SERPENT.OBJ
C:\USERS\USER\DOWNLOADS\CRYPTOPP561\WIN32\CRYPTLIB\RELEASE\SHA.OBJ
C:\USERS\USER\DOWNLOADS\CRYPTOPP561\WIN32\CRYPTLIB\RELEASE\SHACAL2.OBJ
C:\USERS\USER\DOWNLOADS\CRYPTOPP561\WIN32\CRYPTLIB\RELEASE\SHARK.OBJ
C:\USERS\USER\DOWNLOADS\CRYPTOPP561\WIN32\CRYPTLIB\RELEASE\SHARKBOX.OBJ
C:\USERS\USER\DOWNLOADS\CRYPTOPP561\WIN32\CRYPTLIB\RELEASE\SIMPLE.OBJ
C:\USERS\USER\DOWNLOADS\CRYPTOPP561\WIN32\CRYPTLIB\RELEASE\SKIPJACK.OBJ
C:\USERS\USER\DOWNLOADS\CRYPTOPP561\WIN32\CRYPTLIB\RELEASE\SOCKETFT.OBJ
C:\USERS\USER\DOWNLOADS\CRYPTOPP561\WIN32\CRYPTLIB\RELEASE\SOSEMANUK.OBJ
C:\USERS\USER\DOWNLOADS\CRYPTOPP561\WIN32\CRYPTLIB\RELEASE\SQUARE.OBJ
C:\USERS\USER\DOWNLOADS\CRYPTOPP561\WIN32\CRYPTLIB\RELEASE\SQUARETB.OBJ
C:\USERS\USER\DOWNLOADS\CRYPTOPP561\WIN32\CRYPTLIB\RELEASE\STRCIPHR.OBJ
C:\USERS\USER\DOWNLOADS\CRYPTOPP561\WIN32\CRYPTLIB\RELEASE\TEA.OBJ
C:\USERS\USER\DOWNLOADS\CRYPTOPP561\WIN32\CRYPTLIB\RELEASE\TFTABLES.OBJ
C:\USERS\USER\DOWNLOADS\CRYPTOPP561\WIN32\CRYPTLIB\RELEASE\TIGER.OBJ
C:\USERS\USER\DOWNLOADS\CRYPTOPP561\WIN32\CRYPTLIB\RELEASE\TIGERTAB.OBJ
C:\USERS\USER\DOWNLOADS\CRYPTOPP561\WIN32\CRYPTLIB\RELEASE\TRDLOCAL.OBJ
C:\USERS\USER\DOWNLOADS\CRYPTOPP561\WIN32\CRYPTLIB\RELEASE\TTMAC.OBJ
C:\USERS\USER\DOWNLOADS\CRYPTOPP561\WIN32\CRYPTLIB\RELEASE\TWOFISH.OBJ
C:\USERS\USER\DOWNLOADS\CRYPTOPP561\WIN32\CRYPTLIB\RELEASE\VMAC.OBJ
C:\USERS\USER\DOWNLOADS\CRYPTOPP561\WIN32\CRYPTLIB\RELEASE\WAIT.OBJ
C:\USERS\USER\DOWNLOADS\CRYPTOPP561\WIN32\CRYPTLIB\RELEASE\WAKE.OBJ
C:\USERS\USER\DOWNLOADS\CRYPTOPP561\WIN32\CRYPTLIB\RELEASE\WHRLPOOL.OBJ
C:\USERS\USER\DOWNLOADS\CRYPTOPP561\WIN32\CRYPTLIB\RELEASE\WINPIPES.OBJ
C:\USERS\USER\DOWNLOADS\CRYPTOPP561\WIN32\CRYPTLIB\RELEASE\XTR.OBJ
C:\USERS\USER\DOWNLOADS\CRYPTOPP561\WIN32\CRYPTLIB\RELEASE\XTRCRYPT.OBJ
C:\USERS\USER\DOWNLOADS\CRYPTOPP561\WIN32\CRYPTLIB\RELEASE\ZDEFLATE.OBJ
C:\USERS\USER\DOWNLOADS\CRYPTOPP561\WIN32\CRYPTLIB\RELEASE\ZINFLATE.OBJ
C:\USERS\USER\DOWNLOADS\CRYPTOPP561\WIN32\CRYPTLIB\RELEASE\ZLIB.OBJ
C:\USERS\USER\DOWNLOADS\CRYPTOPP561\WIN32\OUTPUT\RELEASE\CRYPTLIB.LIB
C:\USERS\USER\DOWNLOADS\CRYPTOPP561\WIN32\OUTPUT\RELEASE\VC80.PDB
