C:\USERS\USER\DOWNLOADS\CRYPTOPP561\ADHOC.CPP.COPIED
C:\USERS\USER\DOWNLOADS\CRYPTOPP561\WIN32\CRYPTLIB\DEBUG\3WAY.OBJ
C:\USERS\USER\DOWNLOADS\CRYPTOPP561\WIN32\CRYPTLIB\DEBUG\ADLER32.OBJ
C:\USERS\USER\DOWNLOADS\CRYPTOPP561\WIN32\CRYPTLIB\DEBUG\ALGEBRA.OBJ
C:\USERS\USER\DOWNLOADS\CRYPTOPP561\WIN32\CRYPTLIB\DEBUG\ALGPARAM.OBJ
C:\USERS\USER\DOWNLOADS\CRYPTOPP561\WIN32\CRYPTLIB\DEBUG\ARC4.OBJ
C:\USERS\USER\DOWNLOADS\CRYPTOPP561\WIN32\CRYPTLIB\DEBUG\ASN.OBJ
C:\USERS\USER\DOWNLOADS\CRYPTOPP561\WIN32\CRYPTLIB\DEBUG\AUTHENC.OBJ
C:\USERS\USER\DOWNLOADS\CRYPTOPP561\WIN32\CRYPTLIB\DEBUG\BASE32.OBJ
C:\USERS\USER\DOWNLOADS\CRYPTOPP561\WIN32\CRYPTLIB\DEBUG\BASE64.OBJ
C:\USERS\USER\DOWNLOADS\CRYPTOPP561\WIN32\CRYPTLIB\DEBUG\BASECODE.OBJ
C:\USERS\USER\DOWNLOADS\CRYPTOPP561\WIN32\CRYPTLIB\DEBUG\BFINIT.OBJ
C:\USERS\USER\DOWNLOADS\CRYPTOPP561\WIN32\CRYPTLIB\DEBUG\BLOWFISH.OBJ
C:\USERS\USER\DOWNLOADS\CRYPTOPP561\WIN32\CRYPTLIB\DEBUG\BLUMSHUB.OBJ
C:\USERS\USER\DOWNLOADS\CRYPTOPP561\WIN32\CRYPTLIB\DEBUG\CAMELLIA.OBJ
C:\USERS\USER\DOWNLOADS\CRYPTOPP561\WIN32\CRYPTLIB\DEBUG\CAST.OBJ
C:\USERS\USER\DOWNLOADS\CRYPTOPP561\WIN32\CRYPTLIB\DEBUG\CASTS.OBJ
C:\USERS\USER\DOWNLOADS\CRYPTOPP561\WIN32\CRYPTLIB\DEBUG\CBCMAC.OBJ
C:\USERS\USER\DOWNLOADS\CRYPTOPP561\WIN32\CRYPTLIB\DEBUG\CCM.OBJ
C:\USERS\USER\DOWNLOADS\CRYPTOPP561\WIN32\CRYPTLIB\DEBUG\CHANNELS.OBJ
C:\Users\user\Downloads\cryptopp561\Win32\cryptlib\Debug\cl.command.1.tlog
C:\Users\user\Downloads\cryptopp561\Win32\cryptlib\Debug\CL.read.1.tlog
C:\Users\user\Downloads\cryptopp561\Win32\cryptlib\Debug\CL.write.1.tlog
C:\USERS\USER\DOWNLOADS\CRYPTOPP561\WIN32\CRYPTLIB\DEBUG\CMAC.OBJ
C:\USERS\USER\DOWNLOADS\CRYPTOPP561\WIN32\CRYPTLIB\DEBUG\CPU.OBJ
C:\USERS\USER\DOWNLOADS\CRYPTOPP561\WIN32\CRYPTLIB\DEBUG\CRC.OBJ
C:\USERS\USER\DOWNLOADS\CRYPTOPP561\WIN32\CRYPTLIB\DEBUG\CRYPTLIB.OBJ
C:\USERS\USER\DOWNLOADS\CRYPTOPP561\WIN32\CRYPTLIB\DEBUG\CRYPTLIB.PCH
C:\Users\user\Downloads\cryptopp561\Win32\cryptlib\Debug\custombuild.command.1.tlog
C:\Users\user\Downloads\cryptopp561\Win32\cryptlib\Debug\custombuild.read.1.tlog
C:\Users\user\Downloads\cryptopp561\Win32\cryptlib\Debug\custombuild.write.1.tlog
C:\USERS\USER\DOWNLOADS\CRYPTOPP561\WIN32\CRYPTLIB\DEBUG\DEFAULT.OBJ
C:\USERS\USER\DOWNLOADS\CRYPTOPP561\WIN32\CRYPTLIB\DEBUG\DES.OBJ
C:\USERS\USER\DOWNLOADS\CRYPTOPP561\WIN32\CRYPTLIB\DEBUG\DESSP.OBJ
C:\USERS\USER\DOWNLOADS\CRYPTOPP561\WIN32\CRYPTLIB\DEBUG\DH.OBJ
C:\USERS\USER\DOWNLOADS\CRYPTOPP561\WIN32\CRYPTLIB\DEBUG\DH2.OBJ
C:\USERS\USER\DOWNLOADS\CRYPTOPP561\WIN32\CRYPTLIB\DEBUG\DLL.OBJ
C:\USERS\USER\DOWNLOADS\CRYPTOPP561\WIN32\CRYPTLIB\DEBUG\DSA.OBJ
C:\USERS\USER\DOWNLOADS\CRYPTOPP561\WIN32\CRYPTLIB\DEBUG\EAX.OBJ
C:\USERS\USER\DOWNLOADS\CRYPTOPP561\WIN32\CRYPTLIB\DEBUG\EC2N.OBJ
C:\USERS\USER\DOWNLOADS\CRYPTOPP561\WIN32\CRYPTLIB\DEBUG\ECP.OBJ
C:\USERS\USER\DOWNLOADS\CRYPTOPP561\WIN32\CRYPTLIB\DEBUG\ELGAMAL.OBJ
C:\USERS\USER\DOWNLOADS\CRYPTOPP561\WIN32\CRYPTLIB\DEBUG\EMSA2.OBJ
C:\USERS\USER\DOWNLOADS\CRYPTOPP561\WIN32\CRYPTLIB\DEBUG\ESIGN.OBJ
C:\USERS\USER\DOWNLOADS\CRYPTOPP561\WIN32\CRYPTLIB\DEBUG\FILES.OBJ
C:\USERS\USER\DOWNLOADS\CRYPTOPP561\WIN32\CRYPTLIB\DEBUG\FILTERS.OBJ
C:\USERS\USER\DOWNLOADS\CRYPTOPP561\WIN32\CRYPTLIB\DEBUG\FIPS140.OBJ
C:\USERS\USER\DOWNLOADS\CRYPTOPP561\WIN32\CRYPTLIB\DEBUG\FIPSTEST.OBJ
C:\USERS\USER\DOWNLOADS\CRYPTOPP561\WIN32\CRYPTLIB\DEBUG\GCM.OBJ
C:\USERS\USER\DOWNLOADS\CRYPTOPP561\WIN32\CRYPTLIB\DEBUG\GF2_32.OBJ
C:\USERS\USER\DOWNLOADS\CRYPTOPP561\WIN32\CRYPTLIB\DEBUG\GF256.OBJ
C:\USERS\USER\DOWNLOADS\CRYPTOPP561\WIN32\CRYPTLIB\DEBUG\GF2N.OBJ
C:\USERS\USER\DOWNLOADS\CRYPTOPP561\WIN32\CRYPTLIB\DEBUG\GFPCRYPT.OBJ
C:\USERS\USER\DOWNLOADS\CRYPTOPP561\WIN32\CRYPTLIB\DEBUG\GOST.OBJ
C:\USERS\USER\DOWNLOADS\CRYPTOPP561\WIN32\CRYPTLIB\DEBUG\GZIP.OBJ
C:\USERS\USER\DOWNLOADS\CRYPTOPP561\WIN32\CRYPTLIB\DEBUG\HEX.OBJ
C:\USERS\USER\DOWNLOADS\CRYPTOPP561\WIN32\CRYPTLIB\DEBUG\HMAC.OBJ
C:\USERS\USER\DOWNLOADS\CRYPTOPP561\WIN32\CRYPTLIB\DEBUG\HRTIMER.OBJ
C:\USERS\USER\DOWNLOADS\CRYPTOPP561\WIN32\CRYPTLIB\DEBUG\IDA.OBJ
C:\USERS\USER\DOWNLOADS\CRYPTOPP561\WIN32\CRYPTLIB\DEBUG\IDEA.OBJ
C:\USERS\USER\DOWNLOADS\CRYPTOPP561\WIN32\CRYPTLIB\DEBUG\INTEGER.OBJ
C:\USERS\USER\DOWNLOADS\CRYPTOPP561\WIN32\CRYPTLIB\DEBUG\ITERHASH.OBJ
C:\Users\user\Downloads\cryptopp561\Win32\cryptlib\Debug\lib.command.1.tlog
C:\Users\user\Downloads\cryptopp561\Win32\cryptlib\Debug\Lib-link.read.1.tlog
C:\Users\user\Downloads\cryptopp561\Win32\cryptlib\Debug\Lib-link.write.1.tlog
C:\USERS\USER\DOWNLOADS\CRYPTOPP561\WIN32\CRYPTLIB\DEBUG\LUC.OBJ
C:\USERS\USER\DOWNLOADS\CRYPTOPP561\WIN32\CRYPTLIB\DEBUG\MARS.OBJ
C:\USERS\USER\DOWNLOADS\CRYPTOPP561\WIN32\CRYPTLIB\DEBUG\MARSS.OBJ
C:\USERS\USER\DOWNLOADS\CRYPTOPP561\WIN32\CRYPTLIB\DEBUG\MD2.OBJ
C:\USERS\USER\DOWNLOADS\CRYPTOPP561\WIN32\CRYPTLIB\DEBUG\MD4.OBJ
C:\USERS\USER\DOWNLOADS\CRYPTOPP561\WIN32\CRYPTLIB\DEBUG\MD5.OBJ
C:\USERS\USER\DOWNLOADS\CRYPTOPP561\WIN32\CRYPTLIB\DEBUG\MISC.OBJ
C:\USERS\USER\DOWNLOADS\CRYPTOPP561\WIN32\CRYPTLIB\DEBUG\MODES.OBJ
C:\USERS\USER\DOWNLOADS\CRYPTOPP561\WIN32\CRYPTLIB\DEBUG\MQUEUE.OBJ
C:\USERS\USER\DOWNLOADS\CRYPTOPP561\WIN32\CRYPTLIB\DEBUG\MQV.OBJ
C:\USERS\USER\DOWNLOADS\CRYPTOPP561\WIN32\CRYPTLIB\DEBUG\NBTHEORY.OBJ
C:\USERS\USER\DOWNLOADS\CRYPTOPP561\WIN32\CRYPTLIB\DEBUG\NETWORK.OBJ
C:\USERS\USER\DOWNLOADS\CRYPTOPP561\WIN32\CRYPTLIB\DEBUG\OAEP.OBJ
C:\USERS\USER\DOWNLOADS\CRYPTOPP561\WIN32\CRYPTLIB\DEBUG\OSRNG.OBJ
C:\USERS\USER\DOWNLOADS\CRYPTOPP561\WIN32\CRYPTLIB\DEBUG\PANAMA.OBJ
C:\USERS\USER\DOWNLOADS\CRYPTOPP561\WIN32\CRYPTLIB\DEBUG\PCH.OBJ
C:\USERS\USER\DOWNLOADS\CRYPTOPP561\WIN32\CRYPTLIB\DEBUG\PKCSPAD.OBJ
C:\USERS\USER\DOWNLOADS\CRYPTOPP561\WIN32\CRYPTLIB\DEBUG\POLYNOMI.OBJ
C:\USERS\USER\DOWNLOADS\CRYPTOPP561\WIN32\CRYPTLIB\DEBUG\PSSR.OBJ
C:\USERS\USER\DOWNLOADS\CRYPTOPP561\WIN32\CRYPTLIB\DEBUG\PUBKEY.OBJ
C:\USERS\USER\DOWNLOADS\CRYPTOPP561\WIN32\CRYPTLIB\DEBUG\QUEUE.OBJ
C:\USERS\USER\DOWNLOADS\CRYPTOPP561\WIN32\CRYPTLIB\DEBUG\RABIN.OBJ
C:\USERS\USER\DOWNLOADS\CRYPTOPP561\WIN32\CRYPTLIB\DEBUG\RANDPOOL.OBJ
C:\USERS\USER\DOWNLOADS\CRYPTOPP561\WIN32\CRYPTLIB\DEBUG\RC2.OBJ
C:\USERS\USER\DOWNLOADS\CRYPTOPP561\WIN32\CRYPTLIB\DEBUG\RC5.OBJ
C:\USERS\USER\DOWNLOADS\CRYPTOPP561\WIN32\CRYPTLIB\DEBUG\RC6.OBJ
C:\USERS\USER\DOWNLOADS\CRYPTOPP561\WIN32\CRYPTLIB\DEBUG\RDTABLES.OBJ
C:\USERS\USER\DOWNLOADS\CRYPTOPP561\WIN32\CRYPTLIB\DEBUG\RIJNDAEL.OBJ
C:\USERS\USER\DOWNLOADS\CRYPTOPP561\WIN32\CRYPTLIB\DEBUG\RIPEMD.OBJ
C:\USERS\USER\DOWNLOADS\CRYPTOPP561\WIN32\CRYPTLIB\DEBUG\RNG.OBJ
C:\USERS\USER\DOWNLOADS\CRYPTOPP561\WIN32\CRYPTLIB\DEBUG\RSA.OBJ
C:\USERS\USER\DOWNLOADS\CRYPTOPP561\WIN32\CRYPTLIB\DEBUG\RW.OBJ
C:\USERS\USER\DOWNLOADS\CRYPTOPP561\WIN32\CRYPTLIB\DEBUG\SAFER.OBJ
C:\USERS\USER\DOWNLOADS\CRYPTOPP561\WIN32\CRYPTLIB\DEBUG\SALSA.OBJ
C:\USERS\USER\DOWNLOADS\CRYPTOPP561\WIN32\CRYPTLIB\DEBUG\SEAL.OBJ
C:\USERS\USER\DOWNLOADS\CRYPTOPP561\WIN32\CRYPTLIB\DEBUG\SEED.OBJ
C:\USERS\USER\DOWNLOADS\CRYPTOPP561\WIN32\CRYPTLIB\DEBUG\SERPENT.OBJ
C:\USERS\USER\DOWNLOADS\CRYPTOPP561\WIN32\CRYPTLIB\DEBUG\SHA.OBJ
C:\USERS\USER\DOWNLOADS\CRYPTOPP561\WIN32\CRYPTLIB\DEBUG\SHACAL2.OBJ
C:\USERS\USER\DOWNLOADS\CRYPTOPP561\WIN32\CRYPTLIB\DEBUG\SHARK.OBJ
C:\USERS\USER\DOWNLOADS\CRYPTOPP561\WIN32\CRYPTLIB\DEBUG\SHARKBOX.OBJ
C:\USERS\USER\DOWNLOADS\CRYPTOPP561\WIN32\CRYPTLIB\DEBUG\SIMPLE.OBJ
C:\USERS\USER\DOWNLOADS\CRYPTOPP561\WIN32\CRYPTLIB\DEBUG\SKIPJACK.OBJ
C:\USERS\USER\DOWNLOADS\CRYPTOPP561\WIN32\CRYPTLIB\DEBUG\SOCKETFT.OBJ
C:\USERS\USER\DOWNLOADS\CRYPTOPP561\WIN32\CRYPTLIB\DEBUG\SOSEMANUK.OBJ
C:\USERS\USER\DOWNLOADS\CRYPTOPP561\WIN32\CRYPTLIB\DEBUG\SQUARE.OBJ
C:\USERS\USER\DOWNLOADS\CRYPTOPP561\WIN32\CRYPTLIB\DEBUG\SQUARETB.OBJ
C:\USERS\USER\DOWNLOADS\CRYPTOPP561\WIN32\CRYPTLIB\DEBUG\STRCIPHR.OBJ
C:\USERS\USER\DOWNLOADS\CRYPTOPP561\WIN32\CRYPTLIB\DEBUG\TEA.OBJ
C:\USERS\USER\DOWNLOADS\CRYPTOPP561\WIN32\CRYPTLIB\DEBUG\TFTABLES.OBJ
C:\USERS\USER\DOWNLOADS\CRYPTOPP561\WIN32\CRYPTLIB\DEBUG\TIGER.OBJ
C:\USERS\USER\DOWNLOADS\CRYPTOPP561\WIN32\CRYPTLIB\DEBUG\TIGERTAB.OBJ
C:\USERS\USER\DOWNLOADS\CRYPTOPP561\WIN32\CRYPTLIB\DEBUG\TRDLOCAL.OBJ
C:\USERS\USER\DOWNLOADS\CRYPTOPP561\WIN32\CRYPTLIB\DEBUG\TTMAC.OBJ
C:\USERS\USER\DOWNLOADS\CRYPTOPP561\WIN32\CRYPTLIB\DEBUG\TWOFISH.OBJ
C:\USERS\USER\DOWNLOADS\CRYPTOPP561\WIN32\CRYPTLIB\DEBUG\VMAC.OBJ
C:\USERS\USER\DOWNLOADS\CRYPTOPP561\WIN32\CRYPTLIB\DEBUG\WAIT.OBJ
C:\USERS\USER\DOWNLOADS\CRYPTOPP561\WIN32\CRYPTLIB\DEBUG\WAKE.OBJ
C:\USERS\USER\DOWNLOADS\CRYPTOPP561\WIN32\CRYPTLIB\DEBUG\WHRLPOOL.OBJ
C:\USERS\USER\DOWNLOADS\CRYPTOPP561\WIN32\CRYPTLIB\DEBUG\WINPIPES.OBJ
C:\USERS\USER\DOWNLOADS\CRYPTOPP561\WIN32\CRYPTLIB\DEBUG\XTR.OBJ
C:\USERS\USER\DOWNLOADS\CRYPTOPP561\WIN32\CRYPTLIB\DEBUG\XTRCRYPT.OBJ
C:\USERS\USER\DOWNLOADS\CRYPTOPP561\WIN32\CRYPTLIB\DEBUG\ZDEFLATE.OBJ
C:\USERS\USER\DOWNLOADS\CRYPTOPP561\WIN32\CRYPTLIB\DEBUG\ZINFLATE.OBJ
C:\USERS\USER\DOWNLOADS\CRYPTOPP561\WIN32\CRYPTLIB\DEBUG\ZLIB.OBJ
C:\USERS\USER\DOWNLOADS\CRYPTOPP561\WIN32\OUTPUT\DEBUG\CRYPTLIB.LIB
C:\USERS\USER\DOWNLOADS\CRYPTOPP561\WIN32\OUTPUT\DEBUG\VC80.PDB
