C:\development\SDK\Code\C++Src\JniMiracl\MiraclJavaInterface\Debug\cl.command.1.tlog
C:\development\SDK\Code\C++Src\JniMiracl\MiraclJavaInterface\Debug\CL.read.1.tlog
C:\development\SDK\Code\C++Src\JniMiracl\MiraclJavaInterface\Debug\CL.write.1.tlog
C:\DEVELOPMENT\SDK\CODE\C++SRC\JNIMIRACL\MIRACLJAVAINTERFACE\DEBUG\DLOG.OBJ
C:\DEVELOPMENT\SDK\CODE\C++SRC\JNIMIRACL\MIRACLJAVAINTERFACE\DEBUG\ECF2MPOINT.OBJ
C:\DEVELOPMENT\SDK\CODE\C++SRC\JNIMIRACL\MIRACLJAVAINTERFACE\DEBUG\ECFPPOINT.OBJ
C:\development\SDK\Code\C++Src\JniMiracl\MiraclJavaInterface\Debug\link.command.1.tlog
C:\development\SDK\Code\C++Src\JniMiracl\MiraclJavaInterface\Debug\link.read.1.tlog
C:\development\SDK\Code\C++Src\JniMiracl\MiraclJavaInterface\Debug\link.write.1.tlog
C:\development\SDK\Code\C++Src\JniMiracl\MiraclJavaInterface\Debug\MiraclJavaInterface.dll.embed.manifest
C:\DEVELOPMENT\SDK\CODE\C++SRC\JNIMIRACL\MIRACLJAVAINTERFACE\DEBUG\MIRACLJAVAINTERFACE.DLL.EMBED.MANIFEST.RES
C:\DEVELOPMENT\SDK\CODE\C++SRC\JNIMIRACL\MIRACLJAVAINTERFACE\DEBUG\MIRACLJAVAINTERFACE.OBJ
C:\DEVELOPMENT\SDK\CODE\C++SRC\JNIMIRACL\MIRACLJAVAINTERFACE\DEBUG\MIRACLJAVAINTERFACE.PCH
C:\development\SDK\Code\C++Src\JniMiracl\MiraclJavaInterface\Debug\MiraclJavaInterface_manifest.rc
C:\development\SDK\Code\C++Src\JniMiracl\MiraclJavaInterface\Debug\rc.command.1.tlog
C:\development\SDK\Code\C++Src\JniMiracl\MiraclJavaInterface\Debug\rc.read.1.tlog
C:\development\SDK\Code\C++Src\JniMiracl\MiraclJavaInterface\Debug\rc.write.1.tlog
C:\DEVELOPMENT\SDK\CODE\C++SRC\JNIMIRACL\MIRACLJAVAINTERFACE\DEBUG\STDAFX.OBJ
C:\DEVELOPMENT\SDK\CODE\C++SRC\JNIMIRACL\MIRACLJAVAINTERFACE\DEBUG\UTILS.OBJ
C:\development\SDK\Code\C++Src\JniMiracl\MiraclJavaInterface\Debug\vc100.idb
C:\DEVELOPMENT\SDK\CODE\C++SRC\JNIMIRACL\MIRACLJAVAINTERFACE\DEBUG\VC100.PDB
