Build started 30/06/2011 07:20:02.
     1>Project "C:\Users\user\documents\visual studio 2010\Projects\MiraclJavaInterface\MiraclJavaInterface\MiraclJavaInterface.vcxproj" on node 2 (rebuild target(s)).
     1>_PrepareForClean:
         Deleting file "Debug\MiraclJavaInterface.lastbuildstate".
       InitializeBuildStatus:
         Touching "Debug\MiraclJavaInterface.unsuccessfulbuild".
       ClCompile:
         c:\Program Files (x86)\Microsoft Visual Studio 10.0\VC\bin\CL.exe /c /ZI /nologo /W3 /WX- /Od /Oy- /D WIN32 /D _DEBUG /D _WINDOWS /D _USRDLL /D MIRACLJAVAINTERFACE_EXPORTS /D _WINDLL /D _UNICODE /D UNICODE /Gm /EHsc /RTC1 /MDd /GS /fp:precise /Zc:wchar_t /Zc:forScope /Yc"StdAfx.h" /Fp"Debug\MiraclJavaInterface.pch" /Fo"Debug\\" /Fd"Debug\vc100.pdb" /Gd /TP /analyze- /errorReport:prompt stdafx.cpp
         stdafx.cpp
         c:\Program Files (x86)\Microsoft Visual Studio 10.0\VC\bin\CL.exe /c /ZI /nologo /W3 /WX- /Od /Oy- /D WIN32 /D _DEBUG /D _WINDOWS /D _USRDLL /D MIRACLJAVAINTERFACE_EXPORTS /D _WINDLL /D _UNICODE /D UNICODE /Gm /EHsc /RTC1 /MDd /GS /fp:precise /Zc:wchar_t /Zc:forScope /Yu"StdAfx.h" /Fp"Debug\MiraclJavaInterface.pch" /Fo"Debug\\" /Fd"Debug\vc100.pdb" /Gd /TP /analyze- /errorReport:prompt Dlog.cpp Point.cpp MiraclJavaInterface.cpp Utils.cpp
         Utils.cpp
         MiraclJavaInterface.cpp
         Point.cpp
         Dlog.cpp
         Generating Code...
       ManifestResourceCompile:
         C:\Program Files (x86)\Microsoft SDKs\Windows\v7.0A\bin\rc.exe /nologo /fo"Debug\MiraclJavaInterface.dll.embed.manifest.res" Debug\MiraclJavaInterface_manifest.rc 
       Link:
         c:\Program Files (x86)\Microsoft Visual Studio 10.0\VC\bin\link.exe /ERRORREPORT:PROMPT /OUT:"C:\Users\user\documents\visual studio 2010\Projects\MiraclJavaInterface\Debug\MiraclJavaInterface.dll" /INCREMENTAL /NOLOGO kernel32.lib user32.lib gdi32.lib winspool.lib comdlg32.lib advapi32.lib shell32.lib ole32.lib oleaut32.lib uuid.lib odbc32.lib odbccp32.lib /MANIFEST /ManifestFile:"Debug\MiraclJavaInterface.dll.intermediate.manifest" /MANIFESTUAC:"level='asInvoker' uiAccess='false'" /DEBUG /PDB:"C:\Users\user\documents\visual studio 2010\Projects\MiraclJavaInterface\Debug\MiraclJavaInterface.pdb" /SUBSYSTEM:WINDOWS /TLBID:1 /DYNAMICBASE /NXCOMPAT /IMPLIB:"C:\Users\user\documents\visual studio 2010\Projects\MiraclJavaInterface\Debug\MiraclJavaInterface.lib" /MACHINE:X86 /DLL Debug\MiraclJavaInterface.dll.embed.manifest.res
         Debug\Dlog.obj
         Debug\Point.obj
         Debug\MiraclJavaInterface.obj
         Debug\stdafx.obj
         Debug\Utils.obj
            Creating library C:\Users\user\documents\visual studio 2010\Projects\MiraclJavaInterface\Debug\MiraclJavaInterface.lib and object C:\Users\user\documents\visual studio 2010\Projects\MiraclJavaInterface\Debug\MiraclJavaInterface.exp
     1>Dlog.obj : error LNK2019: unresolved external symbol "int __cdecl ecurve_add(struct epoint *,struct epoint *)" (?ecurve_add@@YAHPAUepoint@@0@Z) referenced in function _Java_edu_biu_scapi_primitives_dlog_miracl_MiraclDlogECFp_multiplyPointsFp@24
     1>Dlog.obj : error LNK2019: unresolved external symbol "int __cdecl epoint_set(struct bigtype *,struct bigtype *,int,struct epoint *)" (?epoint_set@@YAHPAUbigtype@@0HPAUepoint@@@Z) referenced in function _Java_edu_biu_scapi_primitives_dlog_miracl_MiraclDlogECFp_multiplyPointsFp@24
     1>Dlog.obj : error LNK2019: unresolved external symbol "int __cdecl epoint_get(struct epoint *,struct bigtype *,struct bigtype *)" (?epoint_get@@YAHPAUepoint@@PAUbigtype@@1@Z) referenced in function _Java_edu_biu_scapi_primitives_dlog_miracl_MiraclDlogECFp_multiplyPointsFp@24
     1>Dlog.obj : error LNK2019: unresolved external symbol "struct epoint * __cdecl epoint_init(void)" (?epoint_init@@YAPAUepoint@@XZ) referenced in function _Java_edu_biu_scapi_primitives_dlog_miracl_MiraclDlogECFp_multiplyPointsFp@24
     1>Dlog.obj : error LNK2019: unresolved external symbol "struct bigtype * __cdecl mirvar(int)" (?mirvar@@YAPAUbigtype@@H@Z) referenced in function _Java_edu_biu_scapi_primitives_dlog_miracl_MiraclDlogECFp_multiplyPointsFp@24
     1>Utils.obj : error LNK2001: unresolved external symbol "struct bigtype * __cdecl mirvar(int)" (?mirvar@@YAPAUbigtype@@H@Z)
     1>Dlog.obj : error LNK2019: unresolved external symbol "struct miracl * __cdecl mirsys(int,unsigned int)" (?mirsys@@YAPAUmiracl@@HI@Z) referenced in function _Java_edu_biu_scapi_primitives_dlog_miracl_MiraclDlogECFp_multiplyPointsFp@24
     1>C:\Users\user\documents\visual studio 2010\Projects\MiraclJavaInterface\Debug\MiraclJavaInterface.dll : fatal error LNK1120: 6 unresolved externals
     1>Done Building Project "C:\Users\user\documents\visual studio 2010\Projects\MiraclJavaInterface\MiraclJavaInterface\MiraclJavaInterface.vcxproj" (rebuild target(s)) -- FAILED.

Build FAILED.

Time Elapsed 00:00:01.58
