C:\USERS\USER\DOWNLOADS\CRYPTOPP561\WIN32\CRYPTOPP\DEBUG\ALGEBRA.OBJ
C:\USERS\USER\DOWNLOADS\CRYPTOPP561\WIN32\CRYPTOPP\DEBUG\ALGPARAM.OBJ
C:\USERS\USER\DOWNLOADS\CRYPTOPP561\WIN32\CRYPTOPP\DEBUG\ASN.OBJ
C:\USERS\USER\DOWNLOADS\CRYPTOPP561\WIN32\CRYPTOPP\DEBUG\AUTHENC.OBJ
C:\USERS\USER\DOWNLOADS\CRYPTOPP561\WIN32\CRYPTOPP\DEBUG\BASECODE.OBJ
C:\USERS\USER\DOWNLOADS\CRYPTOPP561\WIN32\CRYPTOPP\DEBUG\CBCMAC.OBJ
C:\USERS\USER\DOWNLOADS\CRYPTOPP561\WIN32\CRYPTOPP\DEBUG\CCM.OBJ
C:\USERS\USER\DOWNLOADS\CRYPTOPP561\WIN32\CRYPTOPP\DEBUG\CHANNELS.OBJ
C:\Users\user\Downloads\cryptopp561\Win32\cryptopp\Debug\cl.command.1.tlog
C:\Users\user\Downloads\cryptopp561\Win32\cryptopp\Debug\CL.read.1.tlog
C:\Users\user\Downloads\cryptopp561\Win32\cryptopp\Debug\CL.write.1.tlog
C:\USERS\USER\DOWNLOADS\CRYPTOPP561\WIN32\CRYPTOPP\DEBUG\CMAC.OBJ
C:\USERS\USER\DOWNLOADS\CRYPTOPP561\WIN32\CRYPTOPP\DEBUG\CPU.OBJ
C:\USERS\USER\DOWNLOADS\CRYPTOPP561\WIN32\CRYPTOPP\DEBUG\CRYPTLIB.OBJ
C:\USERS\USER\DOWNLOADS\CRYPTOPP561\WIN32\CRYPTOPP\DEBUG\CRYPTOPP.DLL.INTERMEDIATE.MANIFEST
C:\USERS\USER\DOWNLOADS\CRYPTOPP561\WIN32\CRYPTOPP\DEBUG\CRYPTOPP.PCH
C:\USERS\USER\DOWNLOADS\CRYPTOPP561\WIN32\CRYPTOPP\DEBUG\CRYPTOPP.RES
C:\Users\user\Downloads\cryptopp561\Win32\cryptopp\Debug\cryptopp.write.1.tlog
C:\USERS\USER\DOWNLOADS\CRYPTOPP561\WIN32\CRYPTOPP\DEBUG\DES.OBJ
C:\USERS\USER\DOWNLOADS\CRYPTOPP561\WIN32\CRYPTOPP\DEBUG\DESSP.OBJ
C:\USERS\USER\DOWNLOADS\CRYPTOPP561\WIN32\CRYPTOPP\DEBUG\DH.OBJ
C:\USERS\USER\DOWNLOADS\CRYPTOPP561\WIN32\CRYPTOPP\DEBUG\DLL.OBJ
C:\USERS\USER\DOWNLOADS\CRYPTOPP561\WIN32\CRYPTOPP\DEBUG\DSA.OBJ
C:\USERS\USER\DOWNLOADS\CRYPTOPP561\WIN32\CRYPTOPP\DEBUG\EC2N.OBJ
C:\USERS\USER\DOWNLOADS\CRYPTOPP561\WIN32\CRYPTOPP\DEBUG\ECCRYPTO.OBJ
C:\USERS\USER\DOWNLOADS\CRYPTOPP561\WIN32\CRYPTOPP\DEBUG\ECP.OBJ
C:\USERS\USER\DOWNLOADS\CRYPTOPP561\WIN32\CRYPTOPP\DEBUG\EMSA2.OBJ
C:\USERS\USER\DOWNLOADS\CRYPTOPP561\WIN32\CRYPTOPP\DEBUG\EPRECOMP.OBJ
C:\USERS\USER\DOWNLOADS\CRYPTOPP561\WIN32\CRYPTOPP\DEBUG\FILES.OBJ
C:\USERS\USER\DOWNLOADS\CRYPTOPP561\WIN32\CRYPTOPP\DEBUG\FILTERS.OBJ
C:\USERS\USER\DOWNLOADS\CRYPTOPP561\WIN32\CRYPTOPP\DEBUG\FIPS140.OBJ
C:\USERS\USER\DOWNLOADS\CRYPTOPP561\WIN32\CRYPTOPP\DEBUG\FIPSTEST.OBJ
C:\USERS\USER\DOWNLOADS\CRYPTOPP561\WIN32\CRYPTOPP\DEBUG\GCM.OBJ
C:\USERS\USER\DOWNLOADS\CRYPTOPP561\WIN32\CRYPTOPP\DEBUG\GF2N.OBJ
C:\USERS\USER\DOWNLOADS\CRYPTOPP561\WIN32\CRYPTOPP\DEBUG\GFPCRYPT.OBJ
C:\USERS\USER\DOWNLOADS\CRYPTOPP561\WIN32\CRYPTOPP\DEBUG\HEX.OBJ
C:\USERS\USER\DOWNLOADS\CRYPTOPP561\WIN32\CRYPTOPP\DEBUG\HMAC.OBJ
C:\USERS\USER\DOWNLOADS\CRYPTOPP561\WIN32\CRYPTOPP\DEBUG\HRTIMER.OBJ
C:\USERS\USER\DOWNLOADS\CRYPTOPP561\WIN32\CRYPTOPP\DEBUG\INTEGER.OBJ
C:\USERS\USER\DOWNLOADS\CRYPTOPP561\WIN32\CRYPTOPP\DEBUG\ITERHASH.OBJ
C:\Users\user\Downloads\cryptopp561\Win32\cryptopp\Debug\link.command.1.tlog
C:\Users\user\Downloads\cryptopp561\Win32\cryptopp\Debug\link.read.1.tlog
C:\Users\user\Downloads\cryptopp561\Win32\cryptopp\Debug\link.write.1.tlog
C:\Users\user\Downloads\cryptopp561\Win32\cryptopp\Debug\link-cvtres.read.1.tlog
C:\Users\user\Downloads\cryptopp561\Win32\cryptopp\Debug\link-cvtres.write.1.tlog
C:\USERS\USER\DOWNLOADS\CRYPTOPP561\WIN32\CRYPTOPP\DEBUG\MISC.OBJ
C:\USERS\USER\DOWNLOADS\CRYPTOPP561\WIN32\CRYPTOPP\DEBUG\MODES.OBJ
C:\USERS\USER\DOWNLOADS\CRYPTOPP561\WIN32\CRYPTOPP\DEBUG\MQUEUE.OBJ
C:\Users\user\Downloads\cryptopp561\Win32\cryptopp\Debug\mt.command.1.tlog
C:\Users\user\Downloads\cryptopp561\Win32\cryptopp\Debug\mt.read.1.tlog
C:\Users\user\Downloads\cryptopp561\Win32\cryptopp\Debug\mt.write.1.tlog
C:\USERS\USER\DOWNLOADS\CRYPTOPP561\WIN32\CRYPTOPP\DEBUG\NBTHEORY.OBJ
C:\USERS\USER\DOWNLOADS\CRYPTOPP561\WIN32\CRYPTOPP\DEBUG\OAEP.OBJ
C:\USERS\USER\DOWNLOADS\CRYPTOPP561\WIN32\CRYPTOPP\DEBUG\OSRNG.OBJ
C:\USERS\USER\DOWNLOADS\CRYPTOPP561\WIN32\CRYPTOPP\DEBUG\PCH.OBJ
C:\USERS\USER\DOWNLOADS\CRYPTOPP561\WIN32\CRYPTOPP\DEBUG\PKCSPAD.OBJ
C:\USERS\USER\DOWNLOADS\CRYPTOPP561\WIN32\CRYPTOPP\DEBUG\PSSR.OBJ
C:\USERS\USER\DOWNLOADS\CRYPTOPP561\WIN32\CRYPTOPP\DEBUG\PUBKEY.OBJ
C:\USERS\USER\DOWNLOADS\CRYPTOPP561\WIN32\CRYPTOPP\DEBUG\QUEUE.OBJ
C:\USERS\USER\DOWNLOADS\CRYPTOPP561\WIN32\CRYPTOPP\DEBUG\RANDPOOL.OBJ
C:\Users\user\Downloads\cryptopp561\Win32\cryptopp\Debug\rc.command.1.tlog
C:\Users\user\Downloads\cryptopp561\Win32\cryptopp\Debug\rc.read.1.tlog
C:\Users\user\Downloads\cryptopp561\Win32\cryptopp\Debug\rc.write.1.tlog
C:\USERS\USER\DOWNLOADS\CRYPTOPP561\WIN32\CRYPTOPP\DEBUG\RDTABLES.OBJ
C:\Users\user\Downloads\cryptopp561\Win32\cryptopp\Debug\ResolveAssemblyReference.cache
C:\USERS\USER\DOWNLOADS\CRYPTOPP561\WIN32\CRYPTOPP\DEBUG\RIJNDAEL.OBJ
C:\USERS\USER\DOWNLOADS\CRYPTOPP561\WIN32\CRYPTOPP\DEBUG\RNG.OBJ
C:\USERS\USER\DOWNLOADS\CRYPTOPP561\WIN32\CRYPTOPP\DEBUG\RSA.OBJ
C:\USERS\USER\DOWNLOADS\CRYPTOPP561\WIN32\CRYPTOPP\DEBUG\RW.OBJ
C:\USERS\USER\DOWNLOADS\CRYPTOPP561\WIN32\CRYPTOPP\DEBUG\SHA.OBJ
C:\USERS\USER\DOWNLOADS\CRYPTOPP561\WIN32\CRYPTOPP\DEBUG\SIMPLE.OBJ
C:\USERS\USER\DOWNLOADS\CRYPTOPP561\WIN32\CRYPTOPP\DEBUG\SKIPJACK.OBJ
C:\USERS\USER\DOWNLOADS\CRYPTOPP561\WIN32\CRYPTOPP\DEBUG\STRCIPHR.OBJ
C:\USERS\USER\DOWNLOADS\CRYPTOPP561\WIN32\CRYPTOPP\DEBUG\TRDLOCAL.OBJ
C:\USERS\USER\DOWNLOADS\CRYPTOPP561\WIN32\DLL_OUTPUT\DEBUG\CRYPTOPP.DLL
C:\Users\user\Downloads\cryptopp561\Win32\DLL_Output\Debug\cryptopp.exp
C:\Users\user\Downloads\cryptopp561\Win32\DLL_Output\Debug\cryptopp.lib
C:\Users\user\Downloads\cryptopp561\Win32\DLL_Output\Debug\cryptopp.mac.done
C:\USERS\USER\DOWNLOADS\CRYPTOPP561\WIN32\DLL_OUTPUT\DEBUG\CRYPTOPP.PDB
C:\USERS\USER\DOWNLOADS\CRYPTOPP561\WIN32\DLL_OUTPUT\DEBUG\VC80.PDB
Win32\DLL_Output\Debug\cryptopp.pdb
