Build started 06/11/2011 12:53:45.
     1>Project "C:\Users\user\Documents\Visual Studio 2010\Projects\MiraclJavaInterface\MiraclJavaInterface\MiraclJavaInterface.vcxproj" on node 2 (rebuild target(s)).
     1>_PrepareForClean:
         Deleting file "Release\MiraclJavaInterface.lastbuildstate".
       InitializeBuildStatus:
         Creating "Release\MiraclJavaInterface.unsuccessfulbuild" because "AlwaysCreate" was specified.
       ClCompile:
         c:\Program Files (x86)\Microsoft Visual Studio 10.0\VC\bin\CL.exe /c /Zi /nologo /W3 /WX- /O2 /Oi /Oy- /GL /D WIN32 /D NDEBUG /D _WINDOWS /D _USRDLL /D MIRACLJAVAINTERFACE_EXPORTS /D _WINDLL /D _UNICODE /D UNICODE /Gm- /EHsc /MD /GS /Gy /fp:precise /Zc:wchar_t /Zc:forScope /Yc"StdAfx.h" /Fp"Release\MiraclJavaInterface.pch" /Fo"Release\\" /Fd"Release\vc100.pdb" /Gd /TC /analyze- /errorReport:prompt stdafx.c
         stdafx.c
         c:\Program Files (x86)\Microsoft Visual Studio 10.0\VC\bin\CL.exe /c /Zi /nologo /W3 /WX- /O2 /Oi /Oy- /GL /D WIN32 /D NDEBUG /D _WINDOWS /D _USRDLL /D MIRACLJAVAINTERFACE_EXPORTS /D _WINDLL /D _UNICODE /D UNICODE /Gm- /EHsc /MD /GS /Gy /fp:precise /Zc:wchar_t /Zc:forScope /Yu"StdAfx.h" /Fp"Release\MiraclJavaInterface.pch" /Fo"Release\\" /Fd"Release\vc100.pdb" /Gd /TC /analyze- /errorReport:prompt Dlog.c ECF2mPoint.c ECFpPoint.c MiraclJavaInterface.c Utils.c
         Dlog.c
         ECF2mPoint.c
         ECFpPoint.c
         MiraclJavaInterface.c
         Utils.c
       Link:
         c:\Program Files (x86)\Microsoft Visual Studio 10.0\VC\bin\link.exe /ERRORREPORT:PROMPT /OUT:"C:\Users\user\Documents\Visual Studio 2010\Projects\MiraclJavaInterface\Release\MiraclJavaInterface.dll" /INCREMENTAL:NO /NOLOGO kernel32.lib user32.lib gdi32.lib winspool.lib comdlg32.lib advapi32.lib shell32.lib ole32.lib oleaut32.lib uuid.lib odbc32.lib odbccp32.lib /MANIFEST /ManifestFile:"Release\MiraclJavaInterface.dll.intermediate.manifest" /MANIFESTUAC:"level='asInvoker' uiAccess='false'" /DEBUG /PDB:"C:\Users\user\Documents\Visual Studio 2010\Projects\MiraclJavaInterface\Release\MiraclJavaInterface.pdb" /SUBSYSTEM:WINDOWS /OPT:REF /OPT:ICF /LTCG /TLBID:1 /DYNAMICBASE /NXCOMPAT /IMPLIB:"C:\Users\user\Documents\Visual Studio 2010\Projects\MiraclJavaInterface\Release\MiraclJavaInterface.lib" /MACHINE:X86 /DLL Release\Dlog.obj
         Release\ECF2mPoint.obj
         Release\ECFpPoint.obj
         Release\MiraclJavaInterface.obj
         Release\stdafx.obj
         Release\Utils.obj
            Creating library C:\Users\user\Documents\Visual Studio 2010\Projects\MiraclJavaInterface\Release\MiraclJavaInterface.lib and object C:\Users\user\Documents\Visual Studio 2010\Projects\MiraclJavaInterface\Release\MiraclJavaInterface.exp
         Generating code
     1>c:\program files (x86)\miracl\miracl\miracl\source\mrarth1.c(505): warning C4731: 'mr_sdiv' : frame pointer register 'ebp' modified by inline assembly code
     1>c:\program files (x86)\miracl\miracl\miracl\source\mrarth1.c(512): warning C4731: 'mr_sdiv' : frame pointer register 'ebp' modified by inline assembly code
     1>c:\program files (x86)\miracl\miracl\miracl\source\mrarth1.c(518): warning C4731: 'mr_sdiv' : frame pointer register 'ebp' modified by inline assembly code
     1>c:\program files (x86)\miracl\miracl\miracl\source\mrarth2.c(247): warning C4731: 'multiply' : frame pointer register 'ebp' modified by inline assembly code
     1>c:\program files (x86)\miracl\miracl\miracl\source\mrarth2.c(253): warning C4731: 'multiply' : frame pointer register 'ebp' modified by inline assembly code
     1>c:\program files (x86)\miracl\miracl\miracl\source\mrarth2.c(255): warning C4731: 'multiply' : frame pointer register 'ebp' modified by inline assembly code
     1>c:\program files (x86)\miracl\miracl\miracl\source\mrarth2.c(259): warning C4731: 'multiply' : frame pointer register 'ebp' modified by inline assembly code
     1>c:\program files (x86)\miracl\miracl\miracl\source\mrarth2.c(263): warning C4731: 'multiply' : frame pointer register 'ebp' modified by inline assembly code
     1>c:\program files (x86)\miracl\miracl\miracl\source\mrarth2.c(646): warning C4731: 'multiply' : frame pointer register 'ebp' modified by inline assembly code
     1>c:\program files (x86)\miracl\miracl\miracl\source\mrarth2.c(652): warning C4731: 'multiply' : frame pointer register 'ebp' modified by inline assembly code
     1>c:\program files (x86)\miracl\miracl\miracl\source\mrarth2.c(654): warning C4731: 'multiply' : frame pointer register 'ebp' modified by inline assembly code
     1>c:\program files (x86)\miracl\miracl\miracl\source\mrarth2.c(658): warning C4731: 'multiply' : frame pointer register 'ebp' modified by inline assembly code
     1>c:\program files (x86)\miracl\miracl\miracl\source\mrarth2.c(662): warning C4731: 'multiply' : frame pointer register 'ebp' modified by inline assembly code
     1>c:\program files (x86)\miracl\miracl\miracl\source\mrarth1.c(227): warning C4731: 'mr_pmul' : frame pointer register 'ebp' modified by inline assembly code
     1>c:\program files (x86)\miracl\miracl\miracl\source\mrarth1.c(236): warning C4731: 'mr_pmul' : frame pointer register 'ebp' modified by inline assembly code
     1>c:\program files (x86)\miracl\miracl\miracl\source\mrarth1.c(241): warning C4731: 'mr_pmul' : frame pointer register 'ebp' modified by inline assembly code
     1>c:\program files (x86)\miracl\miracl\miracl\source\mrarth2.c(1273): warning C4731: 'divide' : frame pointer register 'ebp' modified by inline assembly code
     1>c:\program files (x86)\miracl\miracl\miracl\source\mrarth2.c(1280): warning C4731: 'divide' : frame pointer register 'ebp' modified by inline assembly code
     1>c:\program files (x86)\miracl\miracl\miracl\source\mrarth2.c(1282): warning C4731: 'divide' : frame pointer register 'ebp' modified by inline assembly code
     1>c:\program files (x86)\miracl\miracl\miracl\source\mrarth2.c(1286): warning C4731: 'divide' : frame pointer register 'ebp' modified by inline assembly code
     1>c:\program files (x86)\miracl\miracl\miracl\source\mrarth2.c(1290): warning C4731: 'divide' : frame pointer register 'ebp' modified by inline assembly code
     1>c:\program files (x86)\miracl\miracl\miracl\source\mrmonty.c(448): warning C4731: 'redc' : frame pointer register 'ebp' modified by inline assembly code
     1>c:\program files (x86)\miracl\miracl\miracl\source\mrmonty.c(454): warning C4731: 'redc' : frame pointer register 'ebp' modified by inline assembly code
     1>c:\program files (x86)\miracl\miracl\miracl\source\mrmonty.c(456): warning C4731: 'redc' : frame pointer register 'ebp' modified by inline assembly code
     1>c:\program files (x86)\miracl\miracl\miracl\source\mrmonty.c(460): warning C4731: 'redc' : frame pointer register 'ebp' modified by inline assembly code
     1>c:\program files (x86)\miracl\miracl\miracl\source\mrmonty.c(463): warning C4731: 'redc' : frame pointer register 'ebp' modified by inline assembly code
         Finished generating code
         MiraclJavaInterface.vcxproj -> C:\Users\user\Documents\Visual Studio 2010\Projects\MiraclJavaInterface\Release\MiraclJavaInterface.dll
       Manifest:
         C:\Program Files (x86)\Microsoft SDKs\Windows\v7.0A\bin\mt.exe /nologo /verbose /outputresource:"C:\Users\user\Documents\Visual Studio 2010\Projects\MiraclJavaInterface\Release\MiraclJavaInterface.dll;#2" /manifest Release\MiraclJavaInterface.dll.intermediate.manifest
       FinalizeBuildStatus:
         Deleting file "Release\MiraclJavaInterface.unsuccessfulbuild".
         Touching "Release\MiraclJavaInterface.lastbuildstate".
     1>Done Building Project "C:\Users\user\Documents\Visual Studio 2010\Projects\MiraclJavaInterface\MiraclJavaInterface\MiraclJavaInterface.vcxproj" (rebuild target(s)).

Build succeeded.

Time Elapsed 00:00:02.31
