C:\development\SDK\Code\C++Src\JniMiracl\MiraclJavaInterface\Release\cl.command.1.tlog
C:\development\SDK\Code\C++Src\JniMiracl\MiraclJavaInterface\Release\CL.read.1.tlog
C:\development\SDK\Code\C++Src\JniMiracl\MiraclJavaInterface\Release\CL.write.1.tlog
C:\DEVELOPMENT\SDK\CODE\C++SRC\JNIMIRACL\MIRACLJAVAINTERFACE\RELEASE\DLOG.OBJ
C:\DEVELOPMENT\SDK\CODE\C++SRC\JNIMIRACL\MIRACLJAVAINTERFACE\RELEASE\ECF2MPOINT.OBJ
C:\DEVELOPMENT\SDK\CODE\C++SRC\JNIMIRACL\MIRACLJAVAINTERFACE\RELEASE\ECFPPOINT.OBJ
C:\development\SDK\Code\C++Src\JniMiracl\MiraclJavaInterface\Release\link.command.1.tlog
C:\development\SDK\Code\C++Src\JniMiracl\MiraclJavaInterface\Release\link.read.1.tlog
C:\development\SDK\Code\C++Src\JniMiracl\MiraclJavaInterface\Release\link.write.1.tlog
C:\DEVELOPMENT\SDK\CODE\C++SRC\JNIMIRACL\MIRACLJAVAINTERFACE\RELEASE\MIRACLJAVAINTERFACE.DLL.INTERMEDIATE.MANIFEST
C:\DEVELOPMENT\SDK\CODE\C++SRC\JNIMIRACL\MIRACLJAVAINTERFACE\RELEASE\MIRACLJAVAINTERFACE.OBJ
C:\DEVELOPMENT\SDK\CODE\C++SRC\JNIMIRACL\MIRACLJAVAINTERFACE\RELEASE\MIRACLJAVAINTERFACE.PCH
C:\development\SDK\Code\C++Src\JniMiracl\MiraclJavaInterface\Release\MiraclJavaInterface.write.1.tlog
C:\development\SDK\Code\C++Src\JniMiracl\MiraclJavaInterface\Release\mt.command.1.tlog
C:\development\SDK\Code\C++Src\JniMiracl\MiraclJavaInterface\Release\mt.read.1.tlog
C:\development\SDK\Code\C++Src\JniMiracl\MiraclJavaInterface\Release\mt.write.1.tlog
C:\DEVELOPMENT\SDK\CODE\C++SRC\JNIMIRACL\MIRACLJAVAINTERFACE\RELEASE\STDAFX.OBJ
C:\DEVELOPMENT\SDK\CODE\C++SRC\JNIMIRACL\MIRACLJAVAINTERFACE\RELEASE\UTILS.OBJ
C:\DEVELOPMENT\SDK\CODE\C++SRC\JNIMIRACL\MIRACLJAVAINTERFACE\RELEASE\VC100.PDB
C:\DEVELOPMENT\SDK\CODE\C++SRC\JNIMIRACL\RELEASE\MIRACLJAVAINTERFACE.DLL
C:\development\SDK\Code\C++Src\JniMiracl\Release\MiraclJavaInterface.exp
C:\development\SDK\Code\C++Src\JniMiracl\Release\MiraclJavaInterface.lib
C:\DEVELOPMENT\SDK\CODE\C++SRC\JNIMIRACL\RELEASE\MIRACLJAVAINTERFACE.PDB
